<?xml version="1.0" encoding="UTF-8"?>
<!-- Generated by org.testng.reporters.JUnitReportReporter -->
<testsuite hostname="DESKTOP-FCV5DCP" failures="0" tests="7" name="com.webservice.Testcasses.TC001_GET_GET_AllEmployee" time="0.211" errors="1" timestamp="23 Sep 2019 10:46:36 GMT" skipped="0">
  <testcase classname="com.webservice.Testcasses.TC001_GET_GET_AllEmployee" name="getstatuscode" time="0.015"/>
  <testcase classname="com.webservice.Testcasses.TC001_GET_GET_AllEmployee" name="verifystatusline" time="0.004"/>
  <testcase classname="com.webservice.Testcasses.TC001_GET_GET_AllEmployee" name="statusbody" time="0.160"/>
  <testcase classname="com.webservice.Testcasses.TC001_GET_GET_AllEmployee" name="getcontenttype" time="0.004"/>
  <testcase classname="com.webservice.Testcasses.TC001_GET_GET_AllEmployee" name="getcontentencoding" time="0.004"/>
  <testcase classname="com.webservice.Testcasses.TC001_GET_GET_AllEmployee" name="getcontentlength" time="0.012">
    <error message="null" type="java.lang.NumberFormatException">
      <![CDATA[java.lang.NumberFormatException: null
at java.base/java.lang.Integer.parseInt(Integer.java:614)
at java.base/java.lang.Integer.parseInt(Integer.java:770)
at com.webservice.Testcasses.TC001_GET_GET_AllEmployee.getcontentlength(TC001_GET_GET_AllEmployee.java:96)
at java.base/jdk.internal.reflect.NativeMethodAccessorImpl.invoke0(Native Method)
at java.base/jdk.internal.reflect.NativeMethodAccessorImpl.invoke(NativeMethodAccessorImpl.java:62)
at java.base/jdk.internal.reflect.DelegatingMethodAccessorImpl.invoke(DelegatingMethodAccessorImpl.java:43)
at java.base/java.lang.reflect.Method.invoke(Method.java:564)
at org.testng.internal.MethodInvocationHelper.invokeMethod(MethodInvocationHelper.java:124)
at org.testng.internal.Invoker.invokeMethod(Invoker.java:583)
at org.testng.internal.Invoker.invokeTestMethod(Invoker.java:719)
at org.testng.internal.Invoker.invokeTestMethods(Invoker.java:989)
at org.testng.internal.TestMethodWorker.invokeTestMethods(TestMethodWorker.java:125)
at org.testng.internal.TestMethodWorker.run(TestMethodWorker.java:109)
at org.testng.TestRunner.privateRun(TestRunner.java:648)
at org.testng.TestRunner.run(TestRunner.java:505)
at org.testng.SuiteRunner.runTest(SuiteRunner.java:455)
at org.testng.SuiteRunner.runSequentially(SuiteRunner.java:450)
at org.testng.SuiteRunner.privateRun(SuiteRunner.java:415)
at org.testng.SuiteRunner.run(SuiteRunner.java:364)
at org.testng.SuiteRunnerWorker.runSuite(SuiteRunnerWorker.java:52)
at org.testng.SuiteRunnerWorker.run(SuiteRunnerWorker.java:84)
at org.testng.TestNG.runSuitesSequentially(TestNG.java:1208)
at org.testng.TestNG.runSuitesLocally(TestNG.java:1137)
at org.testng.TestNG.runSuites(TestNG.java:1049)
at org.testng.TestNG.run(TestNG.java:1017)
at org.testng.remote.AbstractRemoteTestNG.run(AbstractRemoteTestNG.java:114)
at org.testng.remote.RemoteTestNG.initAndRun(RemoteTestNG.java:251)
at org.testng.remote.RemoteTestNG.main(RemoteTestNG.java:77)
]]>
    </error>
  </testcase> <!-- getcontentlength -->
  <testcase classname="com.webservice.Testcasses.TC001_GET_GET_AllEmployee" name="getcookie" time="0.012"/>
</testsuite> <!-- com.webservice.Testcasses.TC001_GET_GET_AllEmployee -->
